[debug] [2023-07-26T16:32:07.325Z] ----------------------------------------------------------------------
[debug] [2023-07-26T16:32:07.328Z] Command:       C:\Program Files\nodejs\node.exe C:\Users\ayush\AppData\Roaming\npm\node_modules\firebase-tools\lib\bin\firebase.js emulators:start
[debug] [2023-07-26T16:32:07.328Z] CLI Version:   12.4.5
[debug] [2023-07-26T16:32:07.329Z] Platform:      win32
[debug] [2023-07-26T16:32:07.329Z] Node Version:  v16.18.0
[debug] [2023-07-26T16:32:07.330Z] Time:          Wed Jul 26 2023 22:02:07 GMT+0530 (India Standard Time)
[debug] [2023-07-26T16:32:07.330Z] ----------------------------------------------------------------------
[debug] 
[debug] [2023-07-26T16:32:07.439Z] > command requires scopes: ["email","openid","https://www.googleapis.com/auth/cloudplatformprojects.readonly","https://www.googleapis.com/auth/firebase","https://www.googleapis.com/auth/cloud-platform"]
[debug] [2023-07-26T16:32:07.440Z] > authorizing via signed-in user (ayushofficial8986@gmail.com)
[info] i  emulators: Starting emulators: functions, hosting {"metadata":{"emulator":{"name":"hub"},"message":"Starting emulators: functions, hosting"}}
[debug] [2023-07-26T16:32:07.461Z] [logging] Logging Emulator only supports listening on one address (127.0.0.1). Not listening on ::1
[debug] [2023-07-26T16:32:07.461Z] [hosting] Hosting Emulator only supports listening on one address (127.0.0.1). Not listening on ::1
[debug] [2023-07-26T16:32:07.461Z] assigned listening specs for emulators {"user":{"hub":[{"address":"127.0.0.1","family":"IPv4","port":4400},{"address":"::1","family":"IPv6","port":4400}],"ui":[{"address":"127.0.0.1","family":"IPv4","port":4000},{"address":"::1","family":"IPv6","port":4000}],"logging":[{"address":"127.0.0.1","family":"IPv4","port":4500}],"hosting":[{"address":"127.0.0.1","family":"IPv4","port":5000}]},"metadata":{"message":"assigned listening specs for emulators"}}
[debug] [2023-07-26T16:32:07.478Z] [hub] writing locator at C:\Users\ayush\AppData\Local\Temp\hub-clone-9f003.json
[debug] [2023-07-26T16:32:07.510Z] [functions] Functions Emulator only supports listening on one address (127.0.0.1). Not listening on ::1
[debug] [2023-07-26T16:32:07.510Z] [eventarc] Eventarc Emulator only supports listening on one address (127.0.0.1). Not listening on ::1
[debug] [2023-07-26T16:32:07.510Z] late-assigned ports for functions and eventarc emulators {"user":{"hub":[{"address":"127.0.0.1","family":"IPv4","port":4400},{"address":"::1","family":"IPv6","port":4400}],"ui":[{"address":"127.0.0.1","family":"IPv4","port":4000},{"address":"::1","family":"IPv6","port":4000}],"logging":[{"address":"127.0.0.1","family":"IPv4","port":4500}],"hosting":[{"address":"127.0.0.1","family":"IPv4","port":5000}],"functions":[{"address":"127.0.0.1","family":"IPv4","port":5001}],"eventarc":[{"address":"127.0.0.1","family":"IPv4","port":9299}]},"metadata":{"message":"late-assigned ports for functions and eventarc emulators"}}
[warn] !  functions: The following emulators are not running, calls to these services from the Functions emulator will affect production: auth, firestore, database, pubsub, storage {"metadata":{"emulator":{"name":"functions"},"message":"The following emulators are not running, calls to these services from the Functions emulator will affect production: \u001b[1mauth, firestore, database, pubsub, storage\u001b[22m"}}
[debug] [2023-07-26T16:32:07.517Z] defaultcredentials: writing to file C:\Users\ayush\AppData\Roaming\firebase\ayushofficial8986_gmail_com_application_default_credentials.json
[debug] [2023-07-26T16:32:07.524Z] Setting GAC to C:\Users\ayush\AppData\Roaming\firebase\ayushofficial8986_gmail_com_application_default_credentials.json {"metadata":{"emulator":{"name":"functions"},"message":"Setting GAC to C:\\Users\\ayush\\AppData\\Roaming\\firebase\\ayushofficial8986_gmail_com_application_default_credentials.json"}}
[debug] [2023-07-26T16:32:07.526Z] >>> [apiv2][query] GET https://firebase.googleapis.com/v1beta1/projects/clone-9f003/adminSdkConfig [none]
[debug] [2023-07-26T16:32:07.528Z] *** [apiv2] error from fetch(https://firebase.googleapis.com/v1beta1/projects/clone-9f003/adminSdkConfig, {"headers":{},"method":"GET"}): FetchError: request to https://firebase.googleapis.com/v1beta1/projects/clone-9f003/adminSdkConfig failed, reason: getaddrinfo ENOTFOUND firebase.googleapis.com
[debug] [2023-07-26T16:32:07.529Z] Failed to get Admin SDK config for clone-9f003, falling back to cache Failed to get Admin SDK for Firebase project clone-9f003. Please make sure the project exists and your account has permission to access it. {"name":"FirebaseError","children":[],"exit":2,"message":"Failed to get Admin SDK for Firebase project clone-9f003. Please make sure the project exists and your account has permission to access it.","original":{"name":"FirebaseError","children":[],"exit":1,"message":"Failed to make request to https://firebase.googleapis.com/v1beta1/projects/clone-9f003/adminSdkConfig","original":{"message":"request to https://firebase.googleapis.com/v1beta1/projects/clone-9f003/adminSdkConfig failed, reason: getaddrinfo ENOTFOUND firebase.googleapis.com","type":"system","errno":"ENOTFOUND","code":"ENOTFOUND"},"status":500},"status":500}
[debug] [2023-07-26T16:32:07.542Z] >>> [apiv2][query] GET https://firebasehosting.googleapis.com/v1beta1/projects/clone-9f003/sites 
[debug] [2023-07-26T16:32:07.544Z] *** [apiv2] error from fetch(https://firebasehosting.googleapis.com/v1beta1/projects/clone-9f003/sites, {"headers":{},"method":"GET"}): FetchError: request to https://firebasehosting.googleapis.com/v1beta1/projects/clone-9f003/sites failed, reason: getaddrinfo ENOTFOUND firebasehosting.googleapis.com
[debug] [2023-07-26T16:32:07.544Z] Failed to list hosting sites
[debug] Failed to make request to https://firebasehosting.googleapis.com/v1beta1/projects/clone-9f003/sites
[debug] [2023-07-26T16:32:07.545Z] >>> [apiv2][query] GET https://firebase.googleapis.com/v1beta1/projects/clone-9f003/webApps/-/config [none]
[debug] [2023-07-26T16:32:07.547Z] *** [apiv2] error from fetch(https://firebase.googleapis.com/v1beta1/projects/clone-9f003/webApps/-/config, {"headers":{},"method":"GET"}): FetchError: request to https://firebase.googleapis.com/v1beta1/projects/clone-9f003/webApps/-/config failed, reason: getaddrinfo ENOTFOUND firebase.googleapis.com
[debug] [2023-07-26T16:32:07.547Z] fetchWebSetup error: FirebaseError: Failed to make request to https://firebase.googleapis.com/v1beta1/projects/clone-9f003/webApps/-/config
[warn] !  hosting: Using web app configuration from cache. 
[debug] [2023-07-26T16:32:07.549Z] >>> [apiv2][query] GET https://firebase.googleapis.com/v1beta1/projects/clone-9f003 [none]
[debug] [2023-07-26T16:32:07.552Z] *** [apiv2] error from fetch(https://firebase.googleapis.com/v1beta1/projects/clone-9f003, {"headers":{},"method":"GET","signal":{}}): FetchError: request to https://firebase.googleapis.com/v1beta1/projects/clone-9f003 failed, reason: getaddrinfo ENOTFOUND firebase.googleapis.com
[debug] [2023-07-26T16:32:07.553Z] Failed to make request to https://firebase.googleapis.com/v1beta1/projects/clone-9f003 (original: request to https://firebase.googleapis.com/v1beta1/projects/clone-9f003 failed, reason: getaddrinfo ENOTFOUND firebase.googleapis.com)
[info] i  hosting[clone-9f003]: Serving hosting files from: build {"metadata":{"emulator":{"name":"hosting"},"message":"Serving hosting files from: \u001b[1mbuild\u001b[22m"}}
[info] +  hosting[clone-9f003]: Local server: http://127.0.0.1:5000 {"metadata":{"emulator":{"name":"hosting"},"message":"Local server: \u001b[4m\u001b[1mhttp://127.0.0.1:5000\u001b[22m\u001b[24m"}}
[debug] [2023-07-26T16:32:07.582Z] Ignoring unsupported arg: auto_download {"metadata":{"emulator":{"name":"ui"},"message":"Ignoring unsupported arg: auto_download"}}
[debug] [2023-07-26T16:32:07.583Z] Ignoring unsupported arg: port {"metadata":{"emulator":{"name":"ui"},"message":"Ignoring unsupported arg: port"}}
[debug] [2023-07-26T16:32:07.583Z] Starting Emulator UI with command {"binary":"node","args":["C:\\Users\\ayush\\.cache\\firebase\\emulators\\ui-v1.11.7\\server\\server.js"],"optionalArgs":[],"joinArgs":false} {"metadata":{"emulator":{"name":"ui"},"message":"Starting Emulator UI with command {\"binary\":\"node\",\"args\":[\"C:\\\\Users\\\\ayush\\\\.cache\\\\firebase\\\\emulators\\\\ui-v1.11.7\\\\server\\\\server.js\"],\"optionalArgs\":[],\"joinArgs\":false}"}}
[info] i  ui: Emulator UI logging to ui-debug.log {"metadata":{"emulator":{"name":"ui"},"message":"Emulator UI logging to \u001b[1mui-debug.log\u001b[22m"}}
[debug] [2023-07-26T16:32:07.791Z] Web / API server started at 127.0.0.1:4000
 {"metadata":{"emulator":{"name":"ui"},"message":"Web / API server started at 127.0.0.1:4000\n"}}
[debug] [2023-07-26T16:32:07.791Z] Web / API server started at ::1:4000
 {"metadata":{"emulator":{"name":"ui"},"message":"Web / API server started at ::1:4000\n"}}
[info] i  functions: Watching "C:\Users\ayush\Desktop\Amazon\amazon\functions" for Cloud Functions... {"metadata":{"emulator":{"name":"functions"},"message":"Watching \"C:\\Users\\ayush\\Desktop\\Amazon\\amazon\\functions\" for Cloud Functions..."}}
[debug] [2023-07-26T16:32:07.873Z] Validating nodejs source
[debug] [2023-07-26T16:32:17.916Z] checkFunctionsSDKVersion was unable to fetch information from NPM Error: spawnSync C:\Windows\system32\cmd.exe ETIMEDOUT
    at Object.spawnSync (node:internal/child_process:1119:20)
    at Object.spawnSync (node:child_process:847:24)
    at Function.spawnSync [as sync] (C:\Users\ayush\AppData\Roaming\npm\node_modules\firebase-tools\node_modules\cross-spawn\index.js:26:23)
    at Object.getLatestSDKVersion (C:\Users\ayush\AppData\Roaming\npm\node_modules\firebase-tools\lib\deploy\functions\runtimes\node\versioning.js:54:25)
    at Object.checkFunctionsSDKVersion (C:\Users\ayush\AppData\Roaming\npm\node_modules\firebase-tools\lib\deploy\functions\runtimes\node\versioning.js:74:32)
    at Delegate.validate (C:\Users\ayush\AppData\Roaming\npm\node_modules\firebase-tools\lib\deploy\functions\runtimes\node\index.js:84:20)
    at FunctionsEmulator.discoverTriggers (C:\Users\ayush\AppData\Roaming\npm\node_modules\firebase-tools\lib\emulator\functionsEmulator.js:296:35)
    at async FunctionsEmulator.loadTriggers (C:\Users\ayush\AppData\Roaming\npm\node_modules\firebase-tools\lib\emulator\functionsEmulator.js:325:34)
    at async FunctionsEmulator.connect (C:\Users\ayush\AppData\Roaming\npm\node_modules\firebase-tools\lib\emulator\functionsEmulator.js:262:13)
    at async Object.startAll (C:\Users\ayush\AppData\Roaming\npm\node_modules\firebase-tools\lib\emulator\controller.js:562:13)
[debug] [2023-07-26T16:32:17.918Z] > [functions] package.json contents: {
  "name": "functions",
  "description": "Cloud Functions for Firebase",
  "scripts": {
    "lint": "eslint .",
    "serve": "firebase emulators:start --only functions",
    "shell": "firebase functions:shell",
    "start": "npm run shell",
    "deploy": "firebase deploy --only functions",
    "logs": "firebase functions:log"
  },
  "engines": {
    "node": "18"
  },
  "main": "index.js",
  "dependencies": {
    "firebase-admin": "^11.8.0",
    "firebase-functions": "^4.3.1"
  },
  "devDependencies": {
    "eslint": "^8.15.0",
    "eslint-config-google": "^0.14.0",
    "firebase-functions-test": "^3.1.0"
  },
  "private": true
}
[debug] [2023-07-26T16:32:17.918Z] Building nodejs source
[debug] [2023-07-26T16:32:17.919Z] Failed to find version of module node: reached end of search path C:\Users\ayush\Desktop\Amazon\amazon\functions\node_modules
[warn] !  functions: Your requested "node" version "18" doesn't match your global version "16". Using node@16 from host. 
[debug] [2023-07-26T16:32:17.923Z] Could not find functions.yaml. Must use http discovery
[debug] [2023-07-26T16:32:17.934Z] Found firebase-functions binary at 'C:\Users\ayush\Desktop\Amazon\amazon\functions\node_modules\.bin\firebase-functions'
[info] Serving at port 8737

[debug] [2023-07-26T16:32:18.988Z] Got response code 400; body Failed to generate manifest from function source: Error: Cannot find module 'stripe'
Require stack:
- C:\Users\ayush\Desktop\Amazon\amazon\functions\index.js
- C:\Users\ayush\Desktop\Amazon\amazon\functions\node_modules\firebase-functions\lib\runtime\loader.js
- C:\Users\ayush\Desktop\Amazon\amazon\functions\node_modules\firebase-functions\lib\bin\firebase-functions.js
[info] shutdown requested via /__/quitquitquit

[error] !!  functions: Failed to load function definition from source: FirebaseError: Functions codebase could not be analyzed successfully. It may have a syntax or runtime error {"metadata":{"emulator":{"name":"functions"},"message":"Failed to load function definition from source: FirebaseError: Functions codebase could not be analyzed successfully. It may have a syntax or runtime error"}}
[info] 
┌─────────────────────────────────────────────────────────────┐
│ ✔  All emulators ready! It is now safe to connect your app. │
│ i  View Emulator UI at http://127.0.0.1:4000/               │
└─────────────────────────────────────────────────────────────┘

┌───────────┬────────────────┬─────────────────────────────────┐
│ Emulator  │ Host:Port      │ View in Emulator UI             │
├───────────┼────────────────┼─────────────────────────────────┤
│ Functions │ 127.0.0.1:5001 │ http://127.0.0.1:4000/functions │
├───────────┼────────────────┼─────────────────────────────────┤
│ Hosting   │ 127.0.0.1:5000 │ n/a                             │
└───────────┴────────────────┴─────────────────────────────────┘
  Emulator Hub running at 127.0.0.1:4400
  Other reserved ports: 4500

Issues? Report them at https://github.com/firebase/firebase-tools/issues and attach the *-debug.log files.
 
[debug] [2023-07-26T17:25:31.422Z] Received signal SIGHUP 1
